<?xml version="1.0" encoding="UTF-8"?>
<testsuite xmlns:xsi="http://www.w3.org/2001/XMLSchema-instance" xsi:noNamespaceSchemaLocation="https://maven.apache.org/surefire/maven-surefire-plugin/xsd/surefire-test-report.xsd" version="3.0.2" name="com.nhnacademy.illuwa.domain.order.service.impl.PackagingServiceTest" time="0.307" tests="5" errors="0" skipped="0" failures="0">
  <properties>
[...]
</properties>
  <testcase name="testUpdatePackaging" classname="com.nhnacademy.illuwa.domain.order.service.impl.PackagingServiceTest" time="0.129">
    <system-out><![CDATA[2025-06-20T17:28:35.166+09:00  INFO 10857 --- [           main] t.c.s.AnnotationConfigContextLoaderUtils : Could not detect default configuration classes for test class [com.nhnacademy.illuwa.domain.order.service.impl.PackagingServiceTest]: PackagingServiceTest does not declare any static, non-private, non-final, nested classes annotated with @Configuration.
2025-06-20T17:28:35.177+09:00  INFO 10857 --- [           main] .b.t.c.SpringBootTestContextBootstrapper : Found @SpringBootConfiguration com.nhnacademy.illuwa.IlluwaApplication for test class com.nhnacademy.illuwa.domain.order.service.impl.PackagingServiceTest
Hibernate: 
    /* insert for
        com.nhnacademy.illuwa.domain.order.entity.Packaging */insert 
    into
        packaging (active, packaging_name, packaging_price) 
    values
        (?, ?, ?)
Hibernate: 
    /* insert for
        com.nhnacademy.illuwa.domain.order.entity.Packaging */insert 
    into
        packaging (active, packaging_name, packaging_price) 
    values
        (?, ?, ?)
Hibernate: 
    /* insert for
        com.nhnacademy.illuwa.domain.order.entity.Packaging */insert 
    into
        packaging (active, packaging_name, packaging_price) 
    values
        (?, ?, ?)
Hibernate: 
    /* <criteria> */ select
        p1_0.packaging_id,
        p1_0.active,
        p1_0.packaging_name,
        p1_0.packaging_price 
    from
        packaging p1_0
Hibernate: 
    /* update
        Packaging p 
    set
        p.active = :active 
    where
        p.packagingId = :packagingId */ update packaging p1_0 
    set
        active=? 
    where
        p1_0.packaging_id=?
Hibernate: 
    /* insert for
        com.nhnacademy.illuwa.domain.order.entity.Packaging */insert 
    into
        packaging (active, packaging_name, packaging_price) 
    values
        (?, ?, ?)
Hibernate: 
    /* <criteria> */ select
        p1_0.packaging_id,
        p1_0.active,
        p1_0.packaging_name,
        p1_0.packaging_price 
    from
        packaging p1_0
]]></system-out>
  </testcase>
  <testcase name="testAdd_and_getPackaging" classname="com.nhnacademy.illuwa.domain.order.service.impl.PackagingServiceTest" time="0.113">
    <system-out><![CDATA[Hibernate: 
    /* insert for
        com.nhnacademy.illuwa.domain.order.entity.Packaging */insert 
    into
        packaging (active, packaging_name, packaging_price) 
    values
        (?, ?, ?)
Hibernate: 
    /* insert for
        com.nhnacademy.illuwa.domain.order.entity.Packaging */insert 
    into
        packaging (active, packaging_name, packaging_price) 
    values
        (?, ?, ?)
Hibernate: 
    /* insert for
        com.nhnacademy.illuwa.domain.order.entity.Packaging */insert 
    into
        packaging (active, packaging_name, packaging_price) 
    values
        (?, ?, ?)
Hibernate: 
    /* insert for
        com.nhnacademy.illuwa.domain.order.entity.Packaging */insert 
    into
        packaging (active, packaging_name, packaging_price) 
    values
        (?, ?, ?)
Hibernate: 
    /* select
        packaging.packagingId,
        packaging.packagingName,
        packaging.packagingPrice 
    from
        Packaging packaging 
    where
        packaging.packagingId = ?1 */ select
            p1_0.packaging_id,
            p1_0.packaging_name,
            p1_0.packaging_price 
        from
            packaging p1_0 
        where
            p1_0.packaging_id=?
]]></system-out>
  </testcase>
  <testcase name="testRemovePackaging" classname="com.nhnacademy.illuwa.domain.order.service.impl.PackagingServiceTest" time="0.014">
    <system-out><![CDATA[Hibernate: 
    /* insert for
        com.nhnacademy.illuwa.domain.order.entity.Packaging */insert 
    into
        packaging (active, packaging_name, packaging_price) 
    values
        (?, ?, ?)
Hibernate: 
    /* insert for
        com.nhnacademy.illuwa.domain.order.entity.Packaging */insert 
    into
        packaging (active, packaging_name, packaging_price) 
    values
        (?, ?, ?)
Hibernate: 
    /* insert for
        com.nhnacademy.illuwa.domain.order.entity.Packaging */insert 
    into
        packaging (active, packaging_name, packaging_price) 
    values
        (?, ?, ?)
Hibernate: 
    /* <criteria> */ select
        p1_0.packaging_id,
        p1_0.active,
        p1_0.packaging_name,
        p1_0.packaging_price 
    from
        packaging p1_0
Hibernate: 
    /* update
        Packaging p 
    set
        p.active = :active 
    where
        p.packagingId = :packagingId */ update packaging p1_0 
    set
        active=? 
    where
        p1_0.packaging_id=?
]]></system-out>
  </testcase>
  <testcase name="testAllPackaging" classname="com.nhnacademy.illuwa.domain.order.service.impl.PackagingServiceTest" time="0.02">
    <system-out><![CDATA[Hibernate: 
    /* insert for
        com.nhnacademy.illuwa.domain.order.entity.Packaging */insert 
    into
        packaging (active, packaging_name, packaging_price) 
    values
        (?, ?, ?)
Hibernate: 
    /* insert for
        com.nhnacademy.illuwa.domain.order.entity.Packaging */insert 
    into
        packaging (active, packaging_name, packaging_price) 
    values
        (?, ?, ?)
Hibernate: 
    /* insert for
        com.nhnacademy.illuwa.domain.order.entity.Packaging */insert 
    into
        packaging (active, packaging_name, packaging_price) 
    values
        (?, ?, ?)
Hibernate: 
    /* select
        packaging.packagingId,
        packaging.packagingName,
        packaging.packagingPrice 
    from
        Packaging packaging */ select
            p1_0.packaging_id,
            p1_0.packaging_name,
            p1_0.packaging_price 
        from
            packaging p1_0
]]></system-out>
  </testcase>
  <testcase name="testGetPackagingByActive" classname="com.nhnacademy.illuwa.domain.order.service.impl.PackagingServiceTest" time="0.015">
    <system-out><![CDATA[Hibernate: 
    /* insert for
        com.nhnacademy.illuwa.domain.order.entity.Packaging */insert 
    into
        packaging (active, packaging_name, packaging_price) 
    values
        (?, ?, ?)
Hibernate: 
    /* insert for
        com.nhnacademy.illuwa.domain.order.entity.Packaging */insert 
    into
        packaging (active, packaging_name, packaging_price) 
    values
        (?, ?, ?)
Hibernate: 
    /* insert for
        com.nhnacademy.illuwa.domain.order.entity.Packaging */insert 
    into
        packaging (active, packaging_name, packaging_price) 
    values
        (?, ?, ?)
Hibernate: 
    /* select
        packaging.packagingId,
        packaging.packagingName,
        packaging.packagingPrice 
    from
        Packaging packaging 
    where
        packaging.active = ?1 */ select
            p1_0.packaging_id,
            p1_0.packaging_name,
            p1_0.packaging_price 
        from
            packaging p1_0 
        where
            p1_0.active=?
]]></system-out>
  </testcase>
</testsuite>