<?xml version="1.0" encoding="UTF-8"?>
<testsuite xmlns:xsi="http://www.w3.org/2001/XMLSchema-instance" xsi:noNamespaceSchemaLocation="https://maven.apache.org/surefire/maven-surefire-plugin/xsd/surefire-test-report.xsd" version="3.0.2" name="com.nhnacademy.illuwa.domain.coupon.service.CouponServiceImplTest" time="1.77" tests="10" errors="0" skipped="0" failures="0">
  <properties>
[...]
</properties>
  <testcase name="createCouponTest" classname="com.nhnacademy.illuwa.domain.coupon.service.CouponServiceImplTest" time="0.056">
    <system-out><![CDATA[2025-06-18T16:18:04.682+09:00  INFO 9628 --- [           main] t.c.s.AnnotationConfigContextLoaderUtils : Could not detect default configuration classes for test class [com.nhnacademy.illuwa.domain.coupon.service.CouponServiceImplTest]: CouponServiceImplTest does not declare any static, non-private, non-final, nested classes annotated with @Configuration.
2025-06-18T16:18:04.691+09:00  INFO 9628 --- [           main] .b.t.c.SpringBootTestContextBootstrapper : Found @SpringBootConfiguration com.nhnacademy.illuwa.IlluwaApplication for test class com.nhnacademy.illuwa.domain.coupon.service.CouponServiceImplTest
2025-06-18T16:18:04.693+09:00  INFO 9628 --- [           main] o.s.b.d.r.RestartApplicationListener     : Restart disabled due to context in which it is running

  .   ____          _            __ _ _
 /\\ / ___'_ __ _ _(_)_ __  __ _ \ \ \ \
( ( )\___ | '_ | '_| | '_ \/ _` | \ \ \ \
 \\/  ___)| |_)| | | | | || (_| |  ) ) ) )
  '  |____| .__|_| |_|_| |_\__, | / / / /
 =========|_|==============|___/=/_/_/_/

 :: Spring Boot ::                (v3.4.5)

2025-06-18T16:18:04.707+09:00  INFO 9628 --- [           main] c.n.i.d.c.service.CouponServiceImplTest  : Starting CouponServiceImplTest using Java 21.0.6 with PID 9628 (started by chosun-nhn31 in /Users/chosun-nhn31/Documents/bookstore-order-service)
2025-06-18T16:18:04.707+09:00  INFO 9628 --- [           main] c.n.i.d.c.service.CouponServiceImplTest  : The following 1 profile is active: "dev"
2025-06-18T16:18:04.871+09:00  INFO 9628 --- [           main] .s.d.r.c.RepositoryConfigurationDelegate : Bootstrapping Spring Data JPA repositories in DEFAULT mode.
2025-06-18T16:18:04.886+09:00  INFO 9628 --- [           main] .s.d.r.c.RepositoryConfigurationDelegate : Finished Spring Data repository scanning in 13 ms. Found 9 JPA repository interfaces.
2025-06-18T16:18:04.991+09:00  INFO 9628 --- [           main] o.hibernate.jpa.internal.util.LogHelper  : HHH000204: Processing PersistenceUnitInfo [name: default]
2025-06-18T16:18:04.993+09:00  INFO 9628 --- [           main] o.h.c.internal.RegionFactoryInitiator    : HHH000026: Second-level cache disabled
2025-06-18T16:18:05.000+09:00  INFO 9628 --- [           main] o.s.o.j.p.SpringPersistenceUnitInfo      : No LoadTimeWeaver setup: ignoring JPA class transformer
2025-06-18T16:18:05.000+09:00  INFO 9628 --- [           main] com.zaxxer.hikari.HikariDataSource       : HikariPool-2 - Starting...
2025-06-18T16:18:05.073+09:00  INFO 9628 --- [           main] com.zaxxer.hikari.pool.HikariPool        : HikariPool-2 - Added connection com.mysql.cj.jdbc.ConnectionImpl@ca6cf80
2025-06-18T16:18:05.073+09:00  INFO 9628 --- [           main] com.zaxxer.hikari.HikariDataSource       : HikariPool-2 - Start completed.
2025-06-18T16:18:05.075+09:00  WARN 9628 --- [           main] org.hibernate.orm.deprecation            : HHH90000025: MySQL8Dialect does not need to be specified explicitly using 'hibernate.dialect' (remove the property setting and it will be selected by default)
2025-06-18T16:18:05.076+09:00  WARN 9628 --- [           main] org.hibernate.orm.deprecation            : HHH90000026: MySQL8Dialect has been deprecated; use org.hibernate.dialect.MySQLDialect instead
2025-06-18T16:18:05.076+09:00  INFO 9628 --- [           main] org.hibernate.orm.connections.pooling    : HHH10001005: Database info:
	Database JDBC URL [Connecting through datasource 'HikariDataSource (HikariPool-2)']
	Database driver: undefined/unknown
	Database version: 8.0
	Autocommit mode: undefined/unknown
	Isolation level: undefined/unknown
	Minimum pool size: undefined/unknown
	Maximum pool size: undefined/unknown
2025-06-18T16:18:05.124+09:00  INFO 9628 --- [           main] o.h.e.t.j.p.i.JtaPlatformInitiator       : HHH000489: No JTA platform available (set 'hibernate.transaction.jta.platform' to enable JTA platform integration)
Hibernate: alter table coupon drop foreign key FKhhd12tmniqm73fvgl8j8uu26r
Hibernate: alter table member_coupon drop foreign key FKkxw7ja7v55gk4a368w3gs6s0j
Hibernate: alter table member_coupon drop foreign key FKf8n3lu0dfwmhvcikamg220lgg
Hibernate: alter table order_item drop foreign key FKt4dc2r9nbvbujrljv3e23iibt
Hibernate: alter table order_item drop foreign key FKoqdlwbkm9hejq24fnyfa0c38e
Hibernate: alter table orders drop foreign key FKlfvs630qjka2fkn8lnljvptka
Hibernate: alter table return_request drop foreign key FK8tnm0qj0m3r4jr2l6oaneouu0
Hibernate: drop table if exists coupon
Hibernate: drop table if exists coupon_policy
Hibernate: drop table if exists member
Hibernate: drop table if exists member_coupon
Hibernate: drop table if exists order_item
Hibernate: drop table if exists orders
Hibernate: drop table if exists packaging
Hibernate: drop table if exists return_request
Hibernate: drop table if exists shipping_policies
Hibernate: create table coupon (coupon_type tinyint not null, issue_count decimal(38,2) not null, valid_from date not null, valid_to date not null, id bigint not null auto_increment, policy_id bigint, comment varchar(255), coupon_name varchar(255) not null, primary key (id)) engine=InnoDB
Hibernate: create table coupon_policy (discount_amount decimal(38,2), discount_percent decimal(38,2), max_discount_amount decimal(38,2), min_order_amount decimal(38,2) not null, create_at datetime(6), id bigint not null auto_increment, update_at datetime(6), code varchar(30) not null, status enum ('ACTIVE','INACTIVE') not null, primary key (id)) engine=InnoDB
Hibernate: create table member (birth date, id bigint not null auto_increment, email varchar(255), name varchar(255), primary key (id)) engine=InnoDB
Hibernate: create table member_coupon (expires_at date, issued_at date, used bit not null, used_at date, coupon_id bigint, id bigint not null auto_increment, member_id bigint, primary key (id)) engine=InnoDB
Hibernate: create table order_item (discount_price decimal(38,2), item_total_price decimal(38,2), packaging_price decimal(38,2), price decimal(38,2), quantity integer not null, book_id bigint not null, member_coupon_id bigint not null, order_id bigint not null, order_item_id bigint not null auto_increment, packaging_id bigint, primary key (order_item_id)) engine=InnoDB
Hibernate: create table orders (discount_price decimal(38,2), final_price decimal(38,2), total_price decimal(38,2), used_point decimal(38,2), delivery_date datetime(6), member_id bigint not null, order_date datetime(6), order_id bigint not null auto_increment, shipping_policy_id bigint, order_number varchar(255), order_status enum ('Cancelled','Delivered','Pending','Returned','Shipped'), primary key (order_id)) engine=InnoDB
Hibernate: create table packaging (active bit, packaging_price decimal(38,2), packaging_id bigint not null auto_increment, packaging_name varchar(255), primary key (packaging_id)) engine=InnoDB
Hibernate: create table return_request (shipping_fee_deducted decimal(38,2), order_order_id bigint, requested_at datetime(6), return_id bigint not null auto_increment, returned_at datetime(6), member_id varchar(255), return_reason enum ('Change_Mind','Defective_Item','Item_Damaged','Other'), status enum ('Approved','Refunded','Rejected','Requested'), primary key (return_id)) engine=InnoDB
Hibernate: create table shipping_policies (active bit not null, fee decimal(38,2), min_amount decimal(38,2), shipping_policy_id bigint not null auto_increment, primary key (shipping_policy_id)) engine=InnoDB
Hibernate: alter table coupon_policy add constraint UKnpttrlxsqr1ww4km29dg6dk9b unique (code)
Hibernate: alter table return_request add constraint UK9jnn186v35nv92fwuuqo730kh unique (order_order_id)
Hibernate: alter table coupon add constraint FKhhd12tmniqm73fvgl8j8uu26r foreign key (policy_id) references coupon_policy (id)
Hibernate: alter table member_coupon add constraint FKkxw7ja7v55gk4a368w3gs6s0j foreign key (coupon_id) references coupon (id)
Hibernate: alter table member_coupon add constraint FKf8n3lu0dfwmhvcikamg220lgg foreign key (member_id) references member (id)
Hibernate: alter table order_item add constraint FKt4dc2r9nbvbujrljv3e23iibt foreign key (order_id) references orders (order_id)
Hibernate: alter table order_item add constraint FKoqdlwbkm9hejq24fnyfa0c38e foreign key (packaging_id) references packaging (packaging_id)
Hibernate: alter table orders add constraint FKlfvs630qjka2fkn8lnljvptka foreign key (shipping_policy_id) references shipping_policies (shipping_policy_id)
Hibernate: alter table return_request add constraint FK8tnm0qj0m3r4jr2l6oaneouu0 foreign key (order_order_id) references orders (order_id)
2025-06-18T16:18:05.617+09:00  INFO 9628 --- [           main] j.LocalContainerEntityManagerFactoryBean : Initialized JPA EntityManagerFactory for persistence unit 'default'
2025-06-18T16:18:05.815+09:00  WARN 9628 --- [           main] JpaBaseConfiguration$JpaWebConfiguration : spring.jpa.open-in-view is enabled by default. Therefore, database queries may be performed during view rendering. Explicitly configure spring.jpa.open-in-view to disable this warning
2025-06-18T16:18:06.008+09:00  INFO 9628 --- [           main] o.s.b.a.e.web.EndpointLinksResolver      : Exposing 1 endpoint beneath base path '/actuator'
2025-06-18T16:18:06.023+09:00  INFO 9628 --- [           main] c.n.i.d.c.service.CouponServiceImplTest  : Started CouponServiceImplTest in 1.33 seconds (process running for 7.874)
Hibernate: select cp1_0.id,cp1_0.code,cp1_0.create_at,cp1_0.discount_amount,cp1_0.discount_percent,cp1_0.max_discount_amount,cp1_0.min_order_amount,cp1_0.status,cp1_0.update_at from coupon_policy cp1_0
Hibernate: insert into coupon_policy (code,create_at,discount_amount,discount_percent,max_discount_amount,min_order_amount,status,update_at) values (?,?,?,?,?,?,?,?)
Hibernate: insert into coupon_policy (code,create_at,discount_amount,discount_percent,max_discount_amount,min_order_amount,status,update_at) values (?,?,?,?,?,?,?,?)
Hibernate: select cp1_0.id,cp1_0.code,cp1_0.create_at,cp1_0.discount_amount,cp1_0.discount_percent,cp1_0.max_discount_amount,cp1_0.min_order_amount,cp1_0.status,cp1_0.update_at from coupon_policy cp1_0 where cp1_0.code=?
Hibernate: insert into coupon (comment,coupon_name,coupon_type,issue_count,policy_id,valid_from,valid_to) values (?,?,?,?,?,?,?)
Hibernate: select c1_0.id,c1_0.comment,c1_0.coupon_name,c1_0.coupon_type,c1_0.issue_count,c1_0.policy_id,c1_0.valid_from,c1_0.valid_to from coupon c1_0 left join coupon_policy p1_0 on p1_0.id=c1_0.policy_id where p1_0.code=?
]]></system-out>
  </testcase>
  <testcase name="getCouponsByTypeTest" classname="com.nhnacademy.illuwa.domain.coupon.service.CouponServiceImplTest" time="0.042">
    <system-out><![CDATA[Hibernate: select cp1_0.id,cp1_0.code,cp1_0.create_at,cp1_0.discount_amount,cp1_0.discount_percent,cp1_0.max_discount_amount,cp1_0.min_order_amount,cp1_0.status,cp1_0.update_at from coupon_policy cp1_0
Hibernate: insert into coupon_policy (code,create_at,discount_amount,discount_percent,max_discount_amount,min_order_amount,status,update_at) values (?,?,?,?,?,?,?,?)
Hibernate: insert into coupon_policy (code,create_at,discount_amount,discount_percent,max_discount_amount,min_order_amount,status,update_at) values (?,?,?,?,?,?,?,?)
Hibernate: select cp1_0.id,cp1_0.code,cp1_0.create_at,cp1_0.discount_amount,cp1_0.discount_percent,cp1_0.max_discount_amount,cp1_0.min_order_amount,cp1_0.status,cp1_0.update_at from coupon_policy cp1_0 where cp1_0.code=?
Hibernate: insert into coupon (comment,coupon_name,coupon_type,issue_count,policy_id,valid_from,valid_to) values (?,?,?,?,?,?,?)
Hibernate: select c1_0.id,c1_0.comment,c1_0.coupon_name,c1_0.coupon_type,c1_0.issue_count,c1_0.policy_id,c1_0.valid_from,c1_0.valid_to from coupon c1_0 where c1_0.coupon_type=?
]]></system-out>
  </testcase>
  <testcase name="deleteCouponTest" classname="com.nhnacademy.illuwa.domain.coupon.service.CouponServiceImplTest" time="0.051">
    <system-out><![CDATA[Hibernate: select cp1_0.id,cp1_0.code,cp1_0.create_at,cp1_0.discount_amount,cp1_0.discount_percent,cp1_0.max_discount_amount,cp1_0.min_order_amount,cp1_0.status,cp1_0.update_at from coupon_policy cp1_0
Hibernate: insert into coupon_policy (code,create_at,discount_amount,discount_percent,max_discount_amount,min_order_amount,status,update_at) values (?,?,?,?,?,?,?,?)
Hibernate: insert into coupon_policy (code,create_at,discount_amount,discount_percent,max_discount_amount,min_order_amount,status,update_at) values (?,?,?,?,?,?,?,?)
Hibernate: select cp1_0.id,cp1_0.code,cp1_0.create_at,cp1_0.discount_amount,cp1_0.discount_percent,cp1_0.max_discount_amount,cp1_0.min_order_amount,cp1_0.status,cp1_0.update_at from coupon_policy cp1_0 where cp1_0.code=?
Hibernate: insert into coupon (comment,coupon_name,coupon_type,issue_count,policy_id,valid_from,valid_to) values (?,?,?,?,?,?,?)
Hibernate: select c1_0.id,c1_0.comment,c1_0.coupon_name,c1_0.coupon_type,c1_0.issue_count,c1_0.policy_id,c1_0.valid_from,c1_0.valid_to from coupon c1_0 where c1_0.coupon_name=?
]]></system-out>
  </testcase>
  <testcase name="createCouponWithInvalidPolicyCodeTest" classname="com.nhnacademy.illuwa.domain.coupon.service.CouponServiceImplTest" time="0.033">
    <system-out><![CDATA[Hibernate: select cp1_0.id,cp1_0.code,cp1_0.create_at,cp1_0.discount_amount,cp1_0.discount_percent,cp1_0.max_discount_amount,cp1_0.min_order_amount,cp1_0.status,cp1_0.update_at from coupon_policy cp1_0
Hibernate: insert into coupon_policy (code,create_at,discount_amount,discount_percent,max_discount_amount,min_order_amount,status,update_at) values (?,?,?,?,?,?,?,?)
Hibernate: insert into coupon_policy (code,create_at,discount_amount,discount_percent,max_discount_amount,min_order_amount,status,update_at) values (?,?,?,?,?,?,?,?)
Hibernate: select cp1_0.id,cp1_0.code,cp1_0.create_at,cp1_0.discount_amount,cp1_0.discount_percent,cp1_0.max_discount_amount,cp1_0.min_order_amount,cp1_0.status,cp1_0.update_at from coupon_policy cp1_0 where cp1_0.code=?
]]></system-out>
  </testcase>
  <testcase name="updateCouponTest" classname="com.nhnacademy.illuwa.domain.coupon.service.CouponServiceImplTest" time="0.038">
    <system-out><![CDATA[Hibernate: select cp1_0.id,cp1_0.code,cp1_0.create_at,cp1_0.discount_amount,cp1_0.discount_percent,cp1_0.max_discount_amount,cp1_0.min_order_amount,cp1_0.status,cp1_0.update_at from coupon_policy cp1_0
Hibernate: insert into coupon_policy (code,create_at,discount_amount,discount_percent,max_discount_amount,min_order_amount,status,update_at) values (?,?,?,?,?,?,?,?)
Hibernate: insert into coupon_policy (code,create_at,discount_amount,discount_percent,max_discount_amount,min_order_amount,status,update_at) values (?,?,?,?,?,?,?,?)
Hibernate: select cp1_0.id,cp1_0.code,cp1_0.create_at,cp1_0.discount_amount,cp1_0.discount_percent,cp1_0.max_discount_amount,cp1_0.min_order_amount,cp1_0.status,cp1_0.update_at from coupon_policy cp1_0 where cp1_0.code=?
Hibernate: insert into coupon (comment,coupon_name,coupon_type,issue_count,policy_id,valid_from,valid_to) values (?,?,?,?,?,?,?)
Hibernate: select c1_0.id,c1_0.comment,c1_0.coupon_name,c1_0.coupon_type,c1_0.issue_count,c1_0.policy_id,c1_0.valid_from,c1_0.valid_to from coupon c1_0 where c1_0.coupon_name=?
]]></system-out>
  </testcase>
  <testcase name="getCouponByPolicyCodeTest" classname="com.nhnacademy.illuwa.domain.coupon.service.CouponServiceImplTest" time="0.041">
    <system-out><![CDATA[Hibernate: select cp1_0.id,cp1_0.code,cp1_0.create_at,cp1_0.discount_amount,cp1_0.discount_percent,cp1_0.max_discount_amount,cp1_0.min_order_amount,cp1_0.status,cp1_0.update_at from coupon_policy cp1_0
Hibernate: insert into coupon_policy (code,create_at,discount_amount,discount_percent,max_discount_amount,min_order_amount,status,update_at) values (?,?,?,?,?,?,?,?)
Hibernate: insert into coupon_policy (code,create_at,discount_amount,discount_percent,max_discount_amount,min_order_amount,status,update_at) values (?,?,?,?,?,?,?,?)
Hibernate: select cp1_0.id,cp1_0.code,cp1_0.create_at,cp1_0.discount_amount,cp1_0.discount_percent,cp1_0.max_discount_amount,cp1_0.min_order_amount,cp1_0.status,cp1_0.update_at from coupon_policy cp1_0 where cp1_0.code=?
Hibernate: insert into coupon (comment,coupon_name,coupon_type,issue_count,policy_id,valid_from,valid_to) values (?,?,?,?,?,?,?)
Hibernate: select c1_0.id,c1_0.comment,c1_0.coupon_name,c1_0.coupon_type,c1_0.issue_count,c1_0.policy_id,c1_0.valid_from,c1_0.valid_to from coupon c1_0 left join coupon_policy p1_0 on p1_0.id=c1_0.policy_id where p1_0.code=?
]]></system-out>
  </testcase>
  <testcase name="getCouponByInvalidIdTest" classname="com.nhnacademy.illuwa.domain.coupon.service.CouponServiceImplTest" time="0.034">
    <system-out><![CDATA[Hibernate: select cp1_0.id,cp1_0.code,cp1_0.create_at,cp1_0.discount_amount,cp1_0.discount_percent,cp1_0.max_discount_amount,cp1_0.min_order_amount,cp1_0.status,cp1_0.update_at from coupon_policy cp1_0
Hibernate: insert into coupon_policy (code,create_at,discount_amount,discount_percent,max_discount_amount,min_order_amount,status,update_at) values (?,?,?,?,?,?,?,?)
Hibernate: insert into coupon_policy (code,create_at,discount_amount,discount_percent,max_discount_amount,min_order_amount,status,update_at) values (?,?,?,?,?,?,?,?)
Hibernate: select c1_0.id,c1_0.comment,c1_0.coupon_name,c1_0.coupon_type,c1_0.issue_count,p1_0.id,p1_0.code,p1_0.create_at,p1_0.discount_amount,p1_0.discount_percent,p1_0.max_discount_amount,p1_0.min_order_amount,p1_0.status,p1_0.update_at,c1_0.valid_from,c1_0.valid_to from coupon c1_0 left join coupon_policy p1_0 on p1_0.id=c1_0.policy_id where c1_0.id=?
]]></system-out>
  </testcase>
  <testcase name="getAllCouponsTest" classname="com.nhnacademy.illuwa.domain.coupon.service.CouponServiceImplTest" time="0.05">
    <system-out><![CDATA[Hibernate: select cp1_0.id,cp1_0.code,cp1_0.create_at,cp1_0.discount_amount,cp1_0.discount_percent,cp1_0.max_discount_amount,cp1_0.min_order_amount,cp1_0.status,cp1_0.update_at from coupon_policy cp1_0
Hibernate: insert into coupon_policy (code,create_at,discount_amount,discount_percent,max_discount_amount,min_order_amount,status,update_at) values (?,?,?,?,?,?,?,?)
Hibernate: insert into coupon_policy (code,create_at,discount_amount,discount_percent,max_discount_amount,min_order_amount,status,update_at) values (?,?,?,?,?,?,?,?)
Hibernate: select cp1_0.id,cp1_0.code,cp1_0.create_at,cp1_0.discount_amount,cp1_0.discount_percent,cp1_0.max_discount_amount,cp1_0.min_order_amount,cp1_0.status,cp1_0.update_at from coupon_policy cp1_0 where cp1_0.code=?
Hibernate: insert into coupon (comment,coupon_name,coupon_type,issue_count,policy_id,valid_from,valid_to) values (?,?,?,?,?,?,?)
Hibernate: select cp1_0.id,cp1_0.code,cp1_0.create_at,cp1_0.discount_amount,cp1_0.discount_percent,cp1_0.max_discount_amount,cp1_0.min_order_amount,cp1_0.status,cp1_0.update_at from coupon_policy cp1_0 where cp1_0.code=?
Hibernate: insert into coupon (comment,coupon_name,coupon_type,issue_count,policy_id,valid_from,valid_to) values (?,?,?,?,?,?,?)
Hibernate: select c1_0.id,c1_0.comment,c1_0.coupon_name,c1_0.coupon_type,c1_0.issue_count,c1_0.policy_id,c1_0.valid_from,c1_0.valid_to from coupon c1_0
]]></system-out>
  </testcase>
  <testcase name="createCouponWithInactivePolicyTest" classname="com.nhnacademy.illuwa.domain.coupon.service.CouponServiceImplTest" time="0.035">
    <system-out><![CDATA[Hibernate: select cp1_0.id,cp1_0.code,cp1_0.create_at,cp1_0.discount_amount,cp1_0.discount_percent,cp1_0.max_discount_amount,cp1_0.min_order_amount,cp1_0.status,cp1_0.update_at from coupon_policy cp1_0
Hibernate: insert into coupon_policy (code,create_at,discount_amount,discount_percent,max_discount_amount,min_order_amount,status,update_at) values (?,?,?,?,?,?,?,?)
Hibernate: insert into coupon_policy (code,create_at,discount_amount,discount_percent,max_discount_amount,min_order_amount,status,update_at) values (?,?,?,?,?,?,?,?)
Hibernate: insert into coupon_policy (code,create_at,discount_amount,discount_percent,max_discount_amount,min_order_amount,status,update_at) values (?,?,?,?,?,?,?,?)
Hibernate: select cp1_0.id,cp1_0.code,cp1_0.create_at,cp1_0.discount_amount,cp1_0.discount_percent,cp1_0.max_discount_amount,cp1_0.min_order_amount,cp1_0.status,cp1_0.update_at from coupon_policy cp1_0 where cp1_0.code=?
]]></system-out>
  </testcase>
  <testcase name="getCouponsByNameTest" classname="com.nhnacademy.illuwa.domain.coupon.service.CouponServiceImplTest" time="0.04">
    <system-out><![CDATA[Hibernate: select cp1_0.id,cp1_0.code,cp1_0.create_at,cp1_0.discount_amount,cp1_0.discount_percent,cp1_0.max_discount_amount,cp1_0.min_order_amount,cp1_0.status,cp1_0.update_at from coupon_policy cp1_0
Hibernate: insert into coupon_policy (code,create_at,discount_amount,discount_percent,max_discount_amount,min_order_amount,status,update_at) values (?,?,?,?,?,?,?,?)
Hibernate: insert into coupon_policy (code,create_at,discount_amount,discount_percent,max_discount_amount,min_order_amount,status,update_at) values (?,?,?,?,?,?,?,?)
Hibernate: select cp1_0.id,cp1_0.code,cp1_0.create_at,cp1_0.discount_amount,cp1_0.discount_percent,cp1_0.max_discount_amount,cp1_0.min_order_amount,cp1_0.status,cp1_0.update_at from coupon_policy cp1_0 where cp1_0.code=?
Hibernate: insert into coupon (comment,coupon_name,coupon_type,issue_count,policy_id,valid_from,valid_to) values (?,?,?,?,?,?,?)
Hibernate: select c1_0.id,c1_0.comment,c1_0.coupon_name,c1_0.coupon_type,c1_0.issue_count,c1_0.policy_id,c1_0.valid_from,c1_0.valid_to from coupon c1_0 where c1_0.coupon_name=?
]]></system-out>
  </testcase>
</testsuite>